C:\Program Files (x86)\Microsoft Visual Studio\2019\Preview\MSBuild\Microsoft\VC\v160\Microsoft.CppBuild.targets(992,5): warning MSB8027: Two or more files with the name of StateManager.cpp will produce outputs to the same location. This can lead to an incorrect build result.  The files involved are src\StateManager.cpp, StateManager.cpp.
  bullet.cpp
C:\Users\small\Desktop\Coralex\Coralex\src\sprite.h(22,50): warning C4244:  'return': conversion from 'float' to 'int', possible loss of data
C:\Users\small\Desktop\Coralex\Coralex\src\sprite.h(23,50): warning C4244:  'return': conversion from 'float' to 'int', possible loss of data
C:\Users\small\Desktop\Coralex\Coralex\src\rotationSprite.h(26,22): warning C4244:  'return': conversion from 'float' to 'int', possible loss of data
C:\Users\small\Desktop\Coralex\Coralex\src\rotationSprite.h(30,22): warning C4244:  'return': conversion from 'float' to 'int', possible loss of data
  chunk.cpp
C:\Users\small\Desktop\Coralex\Coralex\src\bullet.h(13,16): warning C4244:  'initializing': conversion from 'int' to 'float', possible loss of data
C:\Users\small\Desktop\Coralex\Coralex\src\sprite.h(22,50): warning C4244:  'return': conversion from 'float' to 'int', possible loss of data
C:\Users\small\Desktop\Coralex\Coralex\src\sprite.h(23,50): warning C4244:  'return': conversion from 'float' to 'int', possible loss of data
C:\Users\small\Desktop\Coralex\Coralex\src\chunk.h(14,16): warning C4244:  'initializing': conversion from 'int' to 'float', possible loss of data
C:\Users\small\Desktop\Coralex\Coralex\src\chunk.cpp(7,15): warning C4244:  'initializing': conversion from 'double' to 'float', possible loss of data
  clock.cpp
  collisionStrategy.cpp
C:\Users\small\Desktop\Coralex\Coralex\src\chunk.cpp(9,15): warning C4244:  'initializing': conversion from 'double' to 'float', possible loss of data
C:\Users\small\Desktop\Coralex\Coralex\src\rotationSprite.h(26,22): warning C4244:  'return': conversion from 'float' to 'int', possible loss of data
C:\Users\small\Desktop\Coralex\Coralex\src\rotationSprite.h(30,22): warning C4244:  'return': conversion from 'float' to 'int', possible loss of data
C:\Users\small\Desktop\Coralex\Coralex\src\sprite.h(22,50): warning C4244:  'return': conversion from 'float' to 'int', possible loss of data
C:\Users\small\Desktop\Coralex\Coralex\src\sprite.h(23,50): warning C4244:  'return': conversion from 'float' to 'int', possible loss of data
C:\Users\small\Desktop\Coralex\Coralex\src\chunk.h(14,16): warning C4244:  'initializing': conversion from 'int' to 'float', possible loss of data
C:\Users\small\Desktop\Coralex\Coralex\src\explodingSprite.h(13,35): warning C4267:  'return': conversion from 'size_t' to 'unsigned int', possible loss of data
C:\Users\small\Desktop\Coralex\Coralex\src\explodingSprite.h(14,35): warning C4267:  'return': conversion from 'size_t' to 'unsigned int', possible loss of data
C:\Users\small\Desktop\Coralex\Coralex\src\bullet.h(13,16): warning C4244:  'initializing': conversion from 'int' to 'float', possible loss of data
C:\Users\small\Desktop\Coralex\Coralex\src\playerSprite.h(33,40): warning C4244:  'return': conversion from 'float' to 'int', possible loss of data
C:\Users\small\Desktop\Coralex\Coralex\src\playerSprite.h(34,40): warning C4244:  'return': conversion from 'float' to 'int', possible loss of data
C:\Users\small\Desktop\Coralex\Coralex\src\collisionStrategy.cpp(17,15): warning C4244:  'initializing': conversion from 'int' to 'float', possible loss of data
  engine.cpp
C:\Users\small\Desktop\Coralex\Coralex\src\collisionStrategy.cpp(24,14): warning C4244:  'initializing': conversion from 'int' to 'float', possible loss of data
C:\Users\small\Desktop\Coralex\Coralex\src\sprite.h(22,50): warning C4244:  'return': conversion from 'float' to 'int', possible loss of data
C:\Users\small\Desktop\Coralex\Coralex\src\sprite.h(23,50): warning C4244:  'return': conversion from 'float' to 'int', possible loss of data
C:\Users\small\Desktop\Coralex\Coralex\src\rotationSprite.h(26,22): warning C4244:  'return': conversion from 'float' to 'int', possible loss of data
C:\Users\small\Desktop\Coralex\Coralex\src\rotationSprite.h(30,22): warning C4244:  'return': conversion from 'float' to 'int', possible loss of data
C:\Users\small\Desktop\Coralex\Coralex\src\twoWayMultiSprite.h(23,22): warning C4244:  'return': conversion from 'float' to 'int', possible loss of data
C:\Users\small\Desktop\Coralex\Coralex\src\twoWayMultiSprite.h(27,22): warning C4244:  'return': conversion from 'float' to 'int', possible loss of data
C:\Users\small\Desktop\Coralex\Coralex\src\chunk.h(14,16): warning C4244:  'initializing': conversion from 'int' to 'float', possible loss of data
C:\Users\small\Desktop\Coralex\Coralex\src\explodingSprite.h(13,35): warning C4267:  'return': conversion from 'size_t' to 'unsigned int', possible loss of data
C:\Users\small\Desktop\Coralex\Coralex\src\explodingSprite.h(14,35): warning C4267:  'return': conversion from 'size_t' to 'unsigned int', possible loss of data
C:\Users\small\Desktop\Coralex\Coralex\src\bullet.h(13,16): warning C4244:  'initializing': conversion from 'int' to 'float', possible loss of data
C:\Users\small\Desktop\Coralex\Coralex\src\playerSprite.h(33,40): warning C4244:  'return': conversion from 'float' to 'int', possible loss of data
  explodingSprite.cpp
C:\Users\small\Desktop\Coralex\Coralex\src\playerSprite.h(34,40): warning C4244:  'return': conversion from 'float' to 'int', possible loss of data
C:\Users\small\Desktop\Coralex\Coralex\src\sprite.h(22,50): warning C4244:  'return': conversion from 'float' to 'int', possible loss of data
C:\Users\small\Desktop\Coralex\Coralex\src\sprite.h(23,50): warning C4244:  'return': conversion from 'float' to 'int', possible loss of data
C:\Users\small\Desktop\Coralex\Coralex\src\chunk.h(14,16): warning C4244:  'initializing': conversion from 'int' to 'float', possible loss of data
C:\Users\small\Desktop\Coralex\Coralex\src\explodingSprite.h(13,35): warning C4267:  'return': conversion from 'size_t' to 'unsigned int', possible loss of data
C:\Users\small\Desktop\Coralex\Coralex\src\explodingSprite.h(14,35): warning C4267:  'return': conversion from 'size_t' to 'unsigned int', possible loss of data
C:\Users\small\Desktop\Coralex\Coralex\src\explodingSprite.cpp(65,16): warning C4244:  'initializing': conversion from 'int' to 'float', possible loss of data
  frameGenerator.cpp
  gameData.cpp
  hud.cpp
C:\Users\small\Desktop\Coralex\Coralex\src\explodingSprite.cpp(66,16): warning C4244:  'initializing': conversion from 'int' to 'float', possible loss of data
C:\Users\small\Desktop\Coralex\Coralex\src\sprite.h(22,50): warning C4244:  'return': conversion from 'float' to 'int', possible loss of data
C:\Users\small\Desktop\Coralex\Coralex\src\sprite.h(23,50): warning C4244:  'return': conversion from 'float' to 'int', possible loss of data
C:\Users\small\Desktop\Coralex\Coralex\src\rotationSprite.h(26,22): warning C4244:  'return': conversion from 'float' to 'int', possible loss of data
C:\Users\small\Desktop\Coralex\Coralex\src\rotationSprite.h(30,22): warning C4244:  'return': conversion from 'float' to 'int', possible loss of data
  image.cpp
C:\Users\small\Desktop\Coralex\Coralex\src\bullet.h(13,16): warning C4244:  'initializing': conversion from 'int' to 'float', possible loss of data
C:\Users\small\Desktop\Coralex\Coralex\src\image.cpp(42,38): warning C4244:  '-=': conversion from 'float' to 'int', possible loss of data
C:\Users\small\Desktop\Coralex\Coralex\src\image.cpp(43,38): warning C4244:  '-=': conversion from 'float' to 'int', possible loss of data
C:\Users\small\Desktop\Coralex\Coralex\src\image.cpp(44,18): warning C4244:  'initializing': conversion from 'float' to 'int', possible loss of data
C:\Users\small\Desktop\Coralex\Coralex\src\image.cpp(45,17): warning C4244:  'initializing': conversion from 'float' to 'int', possible loss of data
C:\Users\small\Desktop\Coralex\Coralex\src\image.cpp(59,38): warning C4244:  '-=': conversion from 'float' to 'int', possible loss of data
C:\Users\small\Desktop\Coralex\Coralex\src\image.cpp(60,38): warning C4244:  '-=': conversion from 'float' to 'int', possible loss of data
C:\Users\small\Desktop\Coralex\Coralex\src\image.cpp(61,18): warning C4244:  'initializing': conversion from 'float' to 'int', possible loss of data
  imageFactory.cpp
  ioMod.cpp
  main.cpp
C:\Users\small\Desktop\Coralex\Coralex\src\image.cpp(62,17): warning C4244:  'initializing': conversion from 'float' to 'int', possible loss of data
C:\Users\small\Desktop\Coralex\Coralex\src\rotationSprite.h(26,22): warning C4244:  'return': conversion from 'float' to 'int', possible loss of data
C:\Users\small\Desktop\Coralex\Coralex\src\rotationSprite.h(30,22): warning C4244:  'return': conversion from 'float' to 'int', possible loss of data
C:\Users\small\Desktop\Coralex\Coralex\src\sprite.h(22,50): warning C4244:  'return': conversion from 'float' to 'int', possible loss of data
C:\Users\small\Desktop\Coralex\Coralex\src\sprite.h(23,50): warning C4244:  'return': conversion from 'float' to 'int', possible loss of data
C:\Users\small\Desktop\Coralex\Coralex\src\chunk.h(14,16): warning C4244:  'initializing': conversion from 'int' to 'float', possible loss of data
C:\Users\small\Desktop\Coralex\Coralex\src\explodingSprite.h(13,35): warning C4267:  'return': conversion from 'size_t' to 'unsigned int', possible loss of data
  menu.cpp
C:\Users\small\Desktop\Coralex\Coralex\src\explodingSprite.h(14,35): warning C4267:  'return': conversion from 'size_t' to 'unsigned int', possible loss of data
C:\Users\small\Desktop\Coralex\Coralex\src\sprite.h(22,50): warning C4244:  'return': conversion from 'float' to 'int', possible loss of data
C:\Users\small\Desktop\Coralex\Coralex\src\sprite.h(23,50): warning C4244:  'return': conversion from 'float' to 'int', possible loss of data
C:\Users\small\Desktop\Coralex\Coralex\src\menu.cpp(56,37): warning C4267:  '=': conversion from 'size_t' to 'int', possible loss of data
  menuEngine.cpp
C:\Users\small\Desktop\Coralex\Coralex\src\menu.cpp(66,54): warning C4244:  'argument': conversion from 'double' to 'Uint8', possible loss of data
C:\Users\small\Desktop\Coralex\Coralex\src\sprite.h(22,50): warning C4244:  'return': conversion from 'float' to 'int', possible loss of data
  multisprite.cpp
C:\Users\small\Desktop\Coralex\Coralex\src\sprite.h(23,50): warning C4244:  'return': conversion from 'float' to 'int', possible loss of data
C:\Users\small\Desktop\Coralex\Coralex\src\multisprite.h(21,22): warning C4244:  'return': conversion from 'float' to 'int', possible loss of data
C:\Users\small\Desktop\Coralex\Coralex\src\multisprite.h(24,22): warning C4244:  'return': conversion from 'float' to 'int', possible loss of data
C:\Users\small\Desktop\Coralex\Coralex\src\multisprite.cpp(16,54): warning C4244:  'argument': conversion from 'int' to 'float', possible loss of data
C:\Users\small\Desktop\Coralex\Coralex\src\multisprite.cpp(15,54): warning C4244:  'argument': conversion from 'int' to 'float', possible loss of data
C:\Users\small\Desktop\Coralex\Coralex\src\multisprite.cpp(18,54): warning C4244:  'argument': conversion from 'int' to 'float', possible loss of data
C:\Users\small\Desktop\Coralex\Coralex\src\multisprite.cpp(17,54): warning C4244:  'argument': conversion from 'int' to 'float', possible loss of data
C:\Users\small\Desktop\Coralex\Coralex\src\multisprite.cpp(31,42): warning C4244:  'argument': conversion from 'float' to 'int', possible loss of data
C:\Users\small\Desktop\Coralex\Coralex\src\multisprite.cpp(31,34): warning C4244:  'argument': conversion from 'float' to 'int', possible loss of data
  parseXML.cpp
C:\Users\small\Desktop\Coralex\Coralex\src\multisprite.cpp(37,68): warning C4305:  'argument': truncation from 'double' to 'float'
C:\Users\small\Desktop\Coralex\Coralex\src\parseXML.cpp(23,8): warning C4267:  'argument': conversion from 'size_t' to 'int', possible loss of data
  playerSprite.cpp
C:\Users\small\Desktop\Coralex\Coralex\src\parseXML.cpp(87,26): warning C4267:  'initializing': conversion from 'size_t' to 'int', possible loss of data
C:\Users\small\Desktop\Coralex\Coralex\src\rotationSprite.h(26,22): warning C4244:  'return': conversion from 'float' to 'int', possible loss of data
C:\Users\small\Desktop\Coralex\Coralex\src\rotationSprite.h(30,22): warning C4244:  'return': conversion from 'float' to 'int', possible loss of data
C:\Users\small\Desktop\Coralex\Coralex\src\sprite.h(22,50): warning C4244:  'return': conversion from 'float' to 'int', possible loss of data
C:\Users\small\Desktop\Coralex\Coralex\src\sprite.h(23,50): warning C4244:  'return': conversion from 'float' to 'int', possible loss of data
C:\Users\small\Desktop\Coralex\Coralex\src\chunk.h(14,16): warning C4244:  'initializing': conversion from 'int' to 'float', possible loss of data
C:\Users\small\Desktop\Coralex\Coralex\src\explodingSprite.h(13,35): warning C4267:  'return': conversion from 'size_t' to 'unsigned int', possible loss of data
C:\Users\small\Desktop\Coralex\Coralex\src\explodingSprite.h(14,35): warning C4267:  'return': conversion from 'size_t' to 'unsigned int', possible loss of data
C:\Users\small\Desktop\Coralex\Coralex\src\bullet.h(13,16): warning C4244:  'initializing': conversion from 'int' to 'float', possible loss of data
C:\Users\small\Desktop\Coralex\Coralex\src\playerSprite.h(33,40): warning C4244:  'return': conversion from 'float' to 'int', possible loss of data
C:\Users\small\Desktop\Coralex\Coralex\src\playerSprite.h(34,40): warning C4244:  'return': conversion from 'float' to 'int', possible loss of data
C:\Users\small\Desktop\Coralex\Coralex\src\playerSprite.cpp(10,11): warning C4244:  'initializing': conversion from 'int' to 'float', possible loss of data
C:\Users\small\Desktop\Coralex\Coralex\src\playerSprite.cpp(11,17): warning C4244:  'initializing': conversion from 'int' to 'float', possible loss of data
C:\Users\small\Desktop\Coralex\Coralex\src\playerSprite.cpp(43,16): warning C4244:  'initializing': conversion from 'int' to 'float', possible loss of data
C:\Users\small\Desktop\Coralex\Coralex\src\playerSprite.cpp(44,16): warning C4244:  'initializing': conversion from 'int' to 'float', possible loss of data
C:\Users\small\Desktop\Coralex\Coralex\src\playerSprite.cpp(123,32): warning C4244:  'argument': conversion from 'int' to 'float', possible loss of data
  pool.cpp
C:\Users\small\Desktop\Coralex\Coralex\src\playerSprite.cpp(123,24): warning C4244:  'argument': conversion from 'int' to 'float', possible loss of data
C:\Users\small\Desktop\Coralex\Coralex\src\sprite.h(22,50): warning C4244:  'return': conversion from 'float' to 'int', possible loss of data
C:\Users\small\Desktop\Coralex\Coralex\src\sprite.h(23,50): warning C4244:  'return': conversion from 'float' to 'int', possible loss of data
C:\Users\small\Desktop\Coralex\Coralex\src\rotationSprite.h(26,22): warning C4244:  'return': conversion from 'float' to 'int', possible loss of data
C:\Users\small\Desktop\Coralex\Coralex\src\rotationSprite.h(30,22): warning C4244:  'return': conversion from 'float' to 'int', possible loss of data
  renderContext.cpp
  Generating Code...
  Compiling...
  rotationSprite.cpp
C:\Users\small\Desktop\Coralex\Coralex\src\bullet.h(13,16): warning C4244:  'initializing': conversion from 'int' to 'float', possible loss of data
C:\Users\small\Desktop\Coralex\Coralex\src\rotationSprite.h(26,22): warning C4244:  'return': conversion from 'float' to 'int', possible loss of data
C:\Users\small\Desktop\Coralex\Coralex\src\rotationSprite.h(30,22): warning C4244:  'return': conversion from 'float' to 'int', possible loss of data
C:\Users\small\Desktop\Coralex\Coralex\src\rotationSprite.cpp(7,62): warning C4244:  'argument': conversion from 'int' to 'float', possible loss of data
C:\Users\small\Desktop\Coralex\Coralex\src\rotationSprite.cpp(7,56): warning C4244:  'argument': conversion from 'int' to 'float', possible loss of data
C:\Users\small\Desktop\Coralex\Coralex\src\rotationSprite.cpp(8,62): warning C4244:  'argument': conversion from 'int' to 'float', possible loss of data
C:\Users\small\Desktop\Coralex\Coralex\src\rotationSprite.cpp(8,56): warning C4244:  'argument': conversion from 'int' to 'float', possible loss of data
C:\Users\small\Desktop\Coralex\Coralex\src\rotationSprite.cpp(26,54): warning C4244:  'argument': conversion from 'int' to 'float', possible loss of data
C:\Users\small\Desktop\Coralex\Coralex\src\rotationSprite.cpp(25,54): warning C4244:  'argument': conversion from 'int' to 'float', possible loss of data
C:\Users\small\Desktop\Coralex\Coralex\src\rotationSprite.cpp(33,17): warning C4244:  'initializing': conversion from 'double' to 'int', possible loss of data
C:\Users\small\Desktop\Coralex\Coralex\src\rotationSprite.cpp(43,50): warning C4244:  'argument': conversion from 'float' to 'int', possible loss of data
C:\Users\small\Desktop\Coralex\Coralex\src\rotationSprite.cpp(43,42): warning C4244:  'argument': conversion from 'float' to 'int', possible loss of data
  smartSprite.cpp
C:\Users\small\Desktop\Coralex\Coralex\src\rotationSprite.cpp(51,68): warning C4305:  'argument': truncation from 'double' to 'float'
C:\Users\small\Desktop\Coralex\Coralex\src\rotationSprite.h(26,22): warning C4244:  'return': conversion from 'float' to 'int', possible loss of data
C:\Users\small\Desktop\Coralex\Coralex\src\rotationSprite.h(30,22): warning C4244:  'return': conversion from 'float' to 'int', possible loss of data
C:\Users\small\Desktop\Coralex\Coralex\src\sprite.h(22,50): warning C4244:  'return': conversion from 'float' to 'int', possible loss of data
C:\Users\small\Desktop\Coralex\Coralex\src\sprite.h(23,50): warning C4244:  'return': conversion from 'float' to 'int', possible loss of data
C:\Users\small\Desktop\Coralex\Coralex\src\chunk.h(14,16): warning C4244:  'initializing': conversion from 'int' to 'float', possible loss of data
C:\Users\small\Desktop\Coralex\Coralex\src\explodingSprite.h(13,35): warning C4267:  'return': conversion from 'size_t' to 'unsigned int', possible loss of data
C:\Users\small\Desktop\Coralex\Coralex\src\explodingSprite.h(14,35): warning C4267:  'return': conversion from 'size_t' to 'unsigned int', possible loss of data
  sound.cpp
  sprite.cpp
C:\Users\small\Desktop\Coralex\Coralex\src\smartSprite.cpp(39,65): warning C4244:  'argument': conversion from 'float' to 'unsigned int', possible loss of data
C:\Users\small\Desktop\Coralex\Coralex\src\sprite.h(22,50): warning C4244:  'return': conversion from 'float' to 'int', possible loss of data
C:\Users\small\Desktop\Coralex\Coralex\src\sprite.h(23,50): warning C4244:  'return': conversion from 'float' to 'int', possible loss of data
C:\Users\small\Desktop\Coralex\Coralex\src\sprite.cpp(9,62): warning C4244:  'argument': conversion from 'int' to 'float', possible loss of data
C:\Users\small\Desktop\Coralex\Coralex\src\sprite.cpp(9,56): warning C4244:  'argument': conversion from 'int' to 'float', possible loss of data
C:\Users\small\Desktop\Coralex\Coralex\src\sprite.cpp(10,62): warning C4244:  'argument': conversion from 'int' to 'float', possible loss of data
C:\Users\small\Desktop\Coralex\Coralex\src\sprite.cpp(10,56): warning C4244:  'argument': conversion from 'int' to 'float', possible loss of data
C:\Users\small\Desktop\Coralex\Coralex\src\sprite.cpp(28,54): warning C4244:  'argument': conversion from 'int' to 'float', possible loss of data
C:\Users\small\Desktop\Coralex\Coralex\src\sprite.cpp(27,54): warning C4244:  'argument': conversion from 'int' to 'float', possible loss of data
C:\Users\small\Desktop\Coralex\Coralex\src\sprite.cpp(59,39): warning C4305:  'initializing': truncation from 'double' to 'const float'
C:\Users\small\Desktop\Coralex\Coralex\src\sprite.cpp(64,27): warning C4244:  'argument': conversion from 'float' to 'int', possible loss of data
C:\Users\small\Desktop\Coralex\Coralex\src\sprite.cpp(64,19): warning C4244:  'argument': conversion from 'float' to 'int', possible loss of data
  spriteSheet.cpp
  StateManager.cpp
C:\Users\small\Desktop\Coralex\Coralex\src\sprite.cpp(68,68): warning C4305:  'argument': truncation from 'double' to 'float'
  twoWayMultiSprite.cpp
C:\Users\small\Desktop\Coralex\Coralex\src\StateManager.h(2,10): error C1083:  Cannot open include file: 'src/parseXML.h': No such file or directory
C:\Users\small\Desktop\Coralex\Coralex\src\twoWayMultiSprite.h(23,22): warning C4244:  'return': conversion from 'float' to 'int', possible loss of data
C:\Users\small\Desktop\Coralex\Coralex\src\twoWayMultiSprite.h(27,22): warning C4244:  'return': conversion from 'float' to 'int', possible loss of data
C:\Users\small\Desktop\Coralex\Coralex\src\twoWayMultiSprite.cpp(7,62): warning C4244:  'argument': conversion from 'int' to 'float', possible loss of data
C:\Users\small\Desktop\Coralex\Coralex\src\twoWayMultiSprite.cpp(7,56): warning C4244:  'argument': conversion from 'int' to 'float', possible loss of data
C:\Users\small\Desktop\Coralex\Coralex\src\twoWayMultiSprite.cpp(8,62): warning C4244:  'argument': conversion from 'int' to 'float', possible loss of data
C:\Users\small\Desktop\Coralex\Coralex\src\twoWayMultiSprite.cpp(8,56): warning C4244:  'argument': conversion from 'int' to 'float', possible loss of data
C:\Users\small\Desktop\Coralex\Coralex\src\twoWayMultiSprite.cpp(26,54): warning C4244:  'argument': conversion from 'int' to 'float', possible loss of data
C:\Users\small\Desktop\Coralex\Coralex\src\twoWayMultiSprite.cpp(25,54): warning C4244:  'argument': conversion from 'int' to 'float', possible loss of data
C:\Users\small\Desktop\Coralex\Coralex\src\twoWayMultiSprite.cpp(35,17): warning C4244:  'initializing': conversion from 'double' to 'int', possible loss of data
C:\Users\small\Desktop\Coralex\Coralex\src\twoWayMultiSprite.cpp(45,60): warning C4244:  'argument': conversion from 'float' to 'int', possible loss of data
C:\Users\small\Desktop\Coralex\Coralex\src\twoWayMultiSprite.cpp(45,52): warning C4244:  'argument': conversion from 'float' to 'int', possible loss of data
  vector2f.cpp
  viewport.cpp
C:\Users\small\Desktop\Coralex\Coralex\src\twoWayMultiSprite.cpp(51,68): warning C4305:  'argument': truncation from 'double' to 'float'
C:\Users\small\Desktop\Coralex\Coralex\src\viewport.cpp(16,61): warning C4244:  'argument': conversion from 'int' to 'float', possible loss of data
C:\Users\small\Desktop\Coralex\Coralex\src\viewport.cpp(16,30): warning C4244:  'argument': conversion from 'int' to 'float', possible loss of data
C:\Users\small\Desktop\Coralex\Coralex\src\viewport.cpp(125,28): warning C4244:  '=': conversion from 'int' to 'float', possible loss of data
  world.cpp
C:\Users\small\Desktop\Coralex\Coralex\src\viewport.cpp(128,29): warning C4244:  '=': conversion from 'int' to 'float', possible loss of data
C:\Users\small\Desktop\Coralex\Coralex\src\world.cpp(14,50): warning C4244:  '=': conversion from 'unsigned int' to 'float', possible loss of data
C:\Users\small\Desktop\Coralex\Coralex\src\world.cpp(19,26): warning C4244:  'argument': conversion from 'const float' to 'int', possible loss of data
C:\Users\small\Desktop\Coralex\Coralex\src\world.cpp(19,19): warning C4244:  'argument': conversion from 'const float' to 'int', possible loss of data
C:\Users\small\Desktop\Coralex\Coralex\src\world.cpp(20,36): warning C4244:  'argument': conversion from 'const float' to 'int', possible loss of data
  StateManager.cpp
  Generating Code...
C:\Users\small\Desktop\Coralex\Coralex\src\world.cpp(20,29): warning C4244:  'argument': conversion from 'float' to 'int', possible loss of data
C:\Users\small\Desktop\Coralex\Coralex\src\world.cpp(20,29): warning C4244: c1xx: fatal error C1083: Cannot open source file: 'StateManager.cpp': No such file or directory
